2013/01/09 12:47:16 [error] [exception.CDbException] exception 'CDbException' with message 'CDbConnection failed to open the DB connection: SQLSTATE[28000] [1045] Access denied for user 'haushalt_neu'@'localhost' (using password: YES)' in /var/www/offener-haushalt-nrw/framework/yiilite.php:8074
Stack trace:
#0 /var/www/offener-haushalt-nrw/framework/yiilite.php(8046): CDbConnection->open()
#1 /var/www/offener-haushalt-nrw/framework/yiilite.php(8035): CDbConnection->setActive(true)
#2 /var/www/offener-haushalt-nrw/framework/yiilite.php(1050): CDbConnection->init()
#3 /var/www/offener-haushalt-nrw/framework/yiilite.php(1291): CModule->getComponent('db')
#4 /var/www/offener-haushalt-nrw/framework/yiilite.php(7112): CApplication->getDb()
#5 /var/www/offener-haushalt-nrw/framework/yiilite.php(7935): CActiveRecord->getDbConnection()
#6 /var/www/offener-haushalt-nrw/framework/yiilite.php(7045): CActiveRecordMetaData->__construct(Object(BudgetItem))
#7 /var/www/offener-haushalt-nrw/framework/yiilite.php(7055): CActiveRecord::model('BudgetItem')
#8 /var/www/offener-haushalt-nrw/framework/yiilite.php(6883): CActiveRecord->getMetaData()
#9 /var/www/offener-haushalt-nrw/protected/views/site/budget.php(2): CActiveRecord->__construct()
#10 /var/www/offener-haushalt-nrw/framework/yiilite.php(3252): require('/var/www/offene...')
#11 /var/www/offener-haushalt-nrw/framework/yiilite.php(3231): CBaseController->renderInternal('/var/www/offene...', Array, true)
#12 /var/www/offener-haushalt-nrw/framework/yiilite.php(3655): CBaseController->renderFile('/var/www/offene...', Array, true)
#13 /var/www/offener-haushalt-nrw/framework/yiilite.php(3623): CController->renderPartial('budget', Array, true)
#14 /var/www/offener-haushalt-nrw/protected/controllers/SiteController.php(225): CController->render('budget', Array)
#15 /var/www/offener-haushalt-nrw/protected/controllers/SiteController.php(186): SiteController->handleBudgetRequest()
#16 /var/www/offener-haushalt-nrw/framework/yiilite.php(3891): SiteController->actionBudget()
#17 /var/www/offener-haushalt-nrw/framework/yiilite.php(3403): CInlineAction->runWithParams(Array)
#18 /var/www/offener-haushalt-nrw/framework/yiilite.php(3388): CController->runAction(Object(CInlineAction))
#19 /var/www/offener-haushalt-nrw/framework/yiilite.php(3378): CController->runActionWithFilters(Object(CInlineAction), Array)
#20 /var/www/offener-haushalt-nrw/framework/yiilite.php(1725): CController->run('')
#21 /var/www/offener-haushalt-nrw/framework/yiilite.php(1645): CWebApplication->runController('')
#22 /var/www/offener-haushalt-nrw/framework/yiilite.php(1170): CWebApplication->processRequest()
#23 /var/www/offener-haushalt-nrw/index.php(12): CApplication->run()
#24 {main}
REQUEST_URI=/offener-haushalt-nrw/
---
2013/01/09 12:48:27 [error] [exception.CDbException] exception 'CDbException' with message 'CDbConnection failed to open the DB connection: SQLSTATE[28000] [1045] Access denied for user 'haushalt_neu'@'localhost' (using password: YES)' in /var/www/offener-haushalt-nrw/framework/yiilite.php:8074
Stack trace:
#0 /var/www/offener-haushalt-nrw/framework/yiilite.php(8046): CDbConnection->open()
#1 /var/www/offener-haushalt-nrw/framework/yiilite.php(8035): CDbConnection->setActive(true)
#2 /var/www/offener-haushalt-nrw/framework/yiilite.php(1050): CDbConnection->init()
#3 /var/www/offener-haushalt-nrw/framework/yiilite.php(1291): CModule->getComponent('db')
#4 /var/www/offener-haushalt-nrw/framework/yiilite.php(7112): CApplication->getDb()
#5 /var/www/offener-haushalt-nrw/framework/yiilite.php(7935): CActiveRecord->getDbConnection()
#6 /var/www/offener-haushalt-nrw/framework/yiilite.php(7045): CActiveRecordMetaData->__construct(Object(BudgetItem))
#7 /var/www/offener-haushalt-nrw/framework/yiilite.php(7055): CActiveRecord::model('BudgetItem')
#8 /var/www/offener-haushalt-nrw/framework/yiilite.php(6883): CActiveRecord->getMetaData()
#9 /var/www/offener-haushalt-nrw/protected/views/site/budget.php(2): CActiveRecord->__construct()
#10 /var/www/offener-haushalt-nrw/framework/yiilite.php(3252): require('/var/www/offene...')
#11 /var/www/offener-haushalt-nrw/framework/yiilite.php(3231): CBaseController->renderInternal('/var/www/offene...', Array, true)
#12 /var/www/offener-haushalt-nrw/framework/yiilite.php(3655): CBaseController->renderFile('/var/www/offene...', Array, true)
#13 /var/www/offener-haushalt-nrw/framework/yiilite.php(3623): CController->renderPartial('budget', Array, true)
#14 /var/www/offener-haushalt-nrw/protected/controllers/SiteController.php(225): CController->render('budget', Array)
#15 /var/www/offener-haushalt-nrw/protected/controllers/SiteController.php(186): SiteController->handleBudgetRequest()
#16 /var/www/offener-haushalt-nrw/framework/yiilite.php(3891): SiteController->actionBudget()
#17 /var/www/offener-haushalt-nrw/framework/yiilite.php(3403): CInlineAction->runWithParams(Array)
#18 /var/www/offener-haushalt-nrw/framework/yiilite.php(3388): CController->runAction(Object(CInlineAction))
#19 /var/www/offener-haushalt-nrw/framework/yiilite.php(3378): CController->runActionWithFilters(Object(CInlineAction), Array)
#20 /var/www/offener-haushalt-nrw/framework/yiilite.php(1725): CController->run('')
#21 /var/www/offener-haushalt-nrw/framework/yiilite.php(1645): CWebApplication->runController('')
#22 /var/www/offener-haushalt-nrw/framework/yiilite.php(1170): CWebApplication->processRequest()
#23 /var/www/offener-haushalt-nrw/index.php(12): CApplication->run()
#24 {main}
REQUEST_URI=/offener-haushalt-nrw/
---
